proguard.cfg
-optimizationpasses 5
-dontusemixedcaseclassnames
-dontskipnonpubliclibraryclasses
-dontpreverify
-verbose
-optimizations !code/simplification/arithmetic,!field/*,!class/merging/*

-keep public class * extends android.app.Activity
-keep public class * extends android.app.Application
-keep public class * extends android.app.Service
-keep public class * extends android.content.BroadcastReceiver
-keep public class * extends android.content.ContentProvider
-keep public class com.android.vending.licensing.ILicensingService
-keep public class au.com.bytecode.**
-keep public class java.beans.**

-dontwarn au.com.bytecode.opencsv.**

-keepclasseswithmembernames class * {
    native <methods>;
}

-keepclasseswithmembers class * {
    public <init>(android.content.Context, android.util.AttributeSet);
}

-keepclasseswithmembers class * {
    public <init>(android.content.Context, android.util.AttributeSet, int);
}

-keepclassmembers enum * {
    public static **[] values();
    public static ** valueOf(java.lang.String);
}

-keep class * implements android.os.Parcelable {
  public static final android.os.Parcelable$Creator *;
}

-renamesourcefileattribute SourceFile
-keepattributes SourceFile,LineNumberTable

-keepattributes *Annotation*

-keep class org.acra.ACRA {
        *;
}

-keep class org.acra.ReportingInteractionMode {
   *;
}

-keep public class org.acra.ErrorReporter
{
public void addCustomData(java.lang.String,java.lang.String);
}

-keep public class org.acra.ErrorReporter
{
public org.acra.ErrorReporter$ReportsSenderWorker handleSilentException(java.lang.Throwable);
}