proguard/seeds.txt
de.betaapps.andlyticsredux.chart.Chart$AdmobChartType: de.betaapps.andlyticsredux.chart.Chart$AdmobChartType[] values()
de.betaapps.andlyticsredux.chart.Chart$AdmobChartType: de.betaapps.andlyticsredux.chart.Chart$AdmobChartType valueOf(java.lang.String)
de.betaapps.andlyticsredux.chart.Chart$ChartSet: de.betaapps.andlyticsredux.chart.Chart$ChartSet[] values()
de.betaapps.andlyticsredux.chart.Chart$ChartSet: de.betaapps.andlyticsredux.chart.Chart$ChartSet valueOf(java.lang.String)
de.betaapps.andlyticsredux.chart.Chart$DownloadChartType: de.betaapps.andlyticsredux.chart.Chart$DownloadChartType[] values()
de.betaapps.andlyticsredux.chart.Chart$DownloadChartType: de.betaapps.andlyticsredux.chart.Chart$DownloadChartType valueOf(java.lang.String)
de.betaapps.andlyticsredux.chart.Chart$RatingChartType: de.betaapps.andlyticsredux.chart.Chart$RatingChartType[] values()
de.betaapps.andlyticsredux.chart.Chart$RatingChartType: de.betaapps.andlyticsredux.chart.Chart$RatingChartType valueOf(java.lang.String)
de.betaapps.andlyticsredux.chart.ChartTextSwitcher
de.betaapps.andlyticsredux.chart.ChartTextSwitcher: ChartTextSwitcher(android.content.Context,android.util.AttributeSet)
...
au.com.bytecode.opencsv.bean.ColumnPositionMappingStrategy
au.com.bytecode.opencsv.bean.CsvToBean
au.com.bytecode.opencsv.bean.HeaderColumnNameMappingStrategy
au.com.bytecode.opencsv.bean.HeaderColumnNameTranslateMappingStrategy
au.com.bytecode.opencsv.bean.MappingStrategy
de.betaapps.andlytics.AdmobActivity
de.betaapps.andlytics.AdmobAuthenticatorActivity
de.betaapps.andlytics.AndlyticsApp
de.betaapps.andlytics.BaseActivity
de.betaapps.andlytics.ChartActivity
de.betaapps.andlytics.CommentsActivity
de.betaapps.andlytics.DemoDataActivity
de.betaapps.andlytics.LoginActivity
de.betaapps.andlytics.Main
de.betaapps.andlytics.Preferences$StatsMode: de.betaapps.andlytics.Preferences$StatsMode[] values()
de.betaapps.andlytics.Preferences$StatsMode: de.betaapps.andlytics.Preferences$StatsMode valueOf(java.lang.String)
de.betaapps.andlytics.Preferences$Timeframe: de.betaapps.andlytics.Preferences$Timeframe[] values()
de.betaapps.andlytics.Preferences$Timeframe: de.betaapps.andlytics.Preferences$Timeframe valueOf(java.lang.String)
de.betaapps.andlytics.admob.AdmobAccountAuthenticator
de.betaapps.andlytics.chart.Chart$AdmobChartType: de.betaapps.andlytics.chart.Chart$AdmobChartType[] values()
de.betaapps.andlytics.chart.Chart$AdmobChartType: de.betaapps.andlytics.chart.Chart$AdmobChartType valueOf(java.lang.String)
de.betaapps.andlytics.chart.Chart$ChartSet: de.betaapps.andlytics.chart.Chart$ChartSet[] values()
de.betaapps.andlytics.chart.Chart$ChartSet: de.betaapps.andlytics.chart.Chart$ChartSet valueOf(java.lang.String)
de.betaapps.andlytics.chart.Chart$DownloadChartType: de.betaapps.andlytics.chart.Chart$DownloadChartType[] values()
de.betaapps.andlytics.chart.Chart$DownloadChartType: de.betaapps.andlytics.chart.Chart$DownloadChartType valueOf(java.lang.String)
de.betaapps.andlytics.chart.Chart$RatingChartType: de.betaapps.andlytics.chart.Chart$RatingChartType[] values()
de.betaapps.andlytics.chart.Chart$RatingChartType: de.betaapps.andlytics.chart.Chart$RatingChartType valueOf(java.lang.String)
de.betaapps.andlytics.chart.ChartTextSwitcher
de.betaapps.andlytics.chart.ChartTextSwitcher: ChartTextSwitcher(android.content.Context,android.util.AttributeSet)
de.betaapps.andlytics.db.AndlyticsContentProvider
de.betaapps.andlytics.io.ExportService
de.betaapps.andlytics.io.ImportService
de.betaapps.andlytics.sync.AlarmReceiver
de.betaapps.andlytics.sync.ContentProvider
de.betaapps.andlytics.sync.SyncAdapterService
de.betaapps.andlytics.view.ChartGallery
de.betaapps.andlytics.view.ChartGallery: ChartGallery(android.content.Context,android.util.AttributeSet,int)
de.betaapps.andlytics.view.ChartGallery: ChartGallery(android.content.Context,android.util.AttributeSet)
org.achartengine.GraphicalActivity
org.achartengine.chart.BarChart$Type: org.achartengine.chart.BarChart$Type[] values()
org.achartengine.chart.BarChart$Type: org.achartengine.chart.BarChart$Type valueOf(java.lang.String)
org.achartengine.chart.PointStyle: org.achartengine.chart.PointStyle[] values()
org.achartengine.chart.PointStyle: org.achartengine.chart.PointStyle valueOf(java.lang.String)
org.achartengine.renderer.XYMultipleSeriesRenderer$Orientation: org.achartengine.renderer.XYMultipleSeriesRenderer$Orientation[] values()
org.achartengine.renderer.XYMultipleSeriesRenderer$Orientation: org.achartengine.renderer.XYMultipleSeriesRenderer$Orientation valueOf(java.lang.String)