proguard/mapping.txt
de.betaapps.andlyticsredux.chart.ChartTextSwitcher -> de.betaapps.a.a.a:
    43:49:void addView(android.view.View,int,android.view.ViewGroup$LayoutParams) -> addView
    58:70:void setText(java.lang.CharSequence,android.graphics.drawable.Drawable) -> a
...
de.betaapps.andlytics.BaseActivity$6 -> de.betaapps.andlytics.ao:
    de.betaapps.andlytics.BaseActivity this$0 -> a
    325:326:void onClick(android.content.DialogInterface,int) -> onClick
de.betaapps.andlytics.BaseActivity$7 -> de.betaapps.andlytics.ap:
    de.betaapps.andlytics.BaseActivity this$0 -> a
    java.lang.Exception val$e -> b
    346:360:void onClick(android.content.DialogInterface,int) -> onClick
    342:342:de.betaapps.andlytics.BaseActivity access$0(de.betaapps.andlytics.BaseActivity$7) -> a
de.betaapps.andlytics.BaseActivity$7$1 -> de.betaapps.andlytics.aq:
    de.betaapps.andlytics.BaseActivity$7 this$1 -> a
    java.lang.Exception val$e -> b
    352:353:void run() -> run
de.betaapps.andlytics.BaseActivity$8 -> de.betaapps.andlytics.ar:
    de.betaapps.andlytics.BaseActivity this$0 -> a
    366:367:void onClick(android.content.DialogInterface,int) -> onClick
de.betaapps.andlytics.BaseActivity$9 -> de.betaapps.andlytics.as:
    de.betaapps.andlytics.BaseActivity this$0 -> a
    397:402:void onClick(android.content.DialogInterface,int) -> onClick
de.betaapps.andlytics.ChartActivity -> de.betaapps.andlytics.ChartActivity:
    de.betaapps.andlytics.ContentAdapter db -> e
    de.betaapps.andlytics.view.ChartGallery chartGallery -> i
    java.lang.Object currentChart -> j
    android.widget.ListView historyList -> k
    de.betaapps.andlytics.ChartListAdapter historyListAdapter -> l
    android.widget.TextView historyListFooter -> m
    android.widget.TextView timeframeText -> n
    android.view.View oneEntryHint -> o
    boolean dataUpdateRequested -> p
    de.betaapps.andlyticsredux.chart.ChartTextSwitcher titleTextSwitcher -> q
    int currentChartPosition -> r
    android.view.animation.Animation inNegative -> s
    android.view.animation.Animation outNegative -> t
    android.view.animation.Animation inPositive -> u
    android.view.animation.Animation outPositive -> v
    java.lang.String timetext -> a
    de.betaapps.andlytics.chart.Chart$ChartSet currentChartSet -> w
    java.lang.Integer heighestRatingChange -> b
    java.lang.Integer lowestRatingChange -> c
    de.betaapps.andlytics.view.ViewSwitcher3D viewSwitcher -> x
    de.betaapps.andlytics.Preferences$Timeframe currentTimeFrame -> y
    android.widget.RadioButton radioLastThrity -> z
    android.widget.RadioButton radioUnlimited -> A
    de.betaapps.andlytics.view.ChartGalleryAdapter chartGalleryAdapter -> B
    android.widget.CheckBox checkSmooth -> C
    java.lang.Boolean smoothEnabled -> D
    android.widget.RadioButton radioDmy -> E
de.betaapps.andlytics.ChartActivity$1 -> de.betaapps.andlytics.at:
    de.betaapps.andlytics.ChartActivity this$0 -> a
    98:98:android.view.View makeView() -> makeView
de.betaapps.andlytics.ChartActivity$10 -> de.betaapps.andlytics.au:
    de.betaapps.andlytics.ChartActivity this$0 -> a
    249:258:void onCheckedChanged(android.widget.CompoundButton,boolean) -> onCheckedChanged
de.betaapps.andlytics.ChartActivity$11 -> de.betaapps.andlytics.av:
    de.betaapps.andlytics.ChartActivity this$0 -> a
    265:266:void onClick(android.view.View) -> onClick
de.betaapps.andlytics.ChartActivity$12 -> de.betaapps.andlytics.aw:
    de.betaapps.andlytics.ChartActivity this$0 -> a
    279:302:void onItemSelected(android.widget.AdapterView,android.view.View,int,long) -> onItemSelected
    306:306:void onNothingSelected(android.widget.AdapterView) -> onNothingSelected
de.betaapps.andlytics.ChartActivity$2 -> de.betaapps.andlytics.ax:
    de.betaapps.andlytics.ChartActivity this$0 -> a
    118:120:void onClick(android.view.View) -> onClick
de.betaapps.andlytics.ChartActivity$3 -> de.betaapps.andlytics.ay:
    de.betaapps.andlytics.ChartActivity this$0 -> a
    135:137:void onClick(android.view.View) -> onClick
de.betaapps.andlytics.ChartActivity$4 -> de.betaapps.andlytics.az:
    de.betaapps.andlytics.ChartActivity this$0 -> a
    148:153:void onCheckedChanged(android.widget.CompoundButton,boolean) -> onCheckedChanged