proguard/usage.txt
de.betaapps.andlyticsredux.BuildConfig
de.betaapps.andlyticsredux.R
de.betaapps.andlyticsredux.R$anim
de.betaapps.andlyticsredux.R$attr
de.betaapps.andlyticsredux.R$drawable
de.betaapps.andlyticsredux.R$id
de.betaapps.andlyticsredux.R$layout
de.betaapps.andlyticsredux.R$string
de.betaapps.andlyticsredux.R$style
de.betaapps.andlyticsredux.R$xml
de.betaapps.andlyticsredux.chart.AbstractChart
de.betaapps.andlyticsredux.chart.Chart
de.betaapps.andlyticsredux.chart.Chart$1
de.betaapps.andlyticsredux.chart.Chart$10
de.betaapps.andlyticsredux.chart.Chart$11
de.betaapps.andlyticsredux.chart.Chart$12
de.betaapps.andlyticsredux.chart.Chart$13
de.betaapps.andlyticsredux.chart.Chart$14
de.betaapps.andlyticsredux.chart.Chart$15
de.betaapps.andlyticsredux.chart.Chart$16
de.betaapps.andlyticsredux.chart.Chart$17
de.betaapps.andlyticsredux.chart.Chart$18
de.betaapps.andlyticsredux.chart.Chart$2
de.betaapps.andlyticsredux.chart.Chart$3
de.betaapps.andlyticsredux.chart.Chart$4
de.betaapps.andlyticsredux.chart.Chart$5
de.betaapps.andlyticsredux.chart.Chart$6
de.betaapps.andlyticsredux.chart.Chart$7
de.betaapps.andlyticsredux.chart.Chart$8
de.betaapps.andlyticsredux.chart.Chart$9
de.betaapps.andlyticsredux.chart.Chart$AdmobChartType
de.betaapps.andlyticsredux.chart.Chart$AdmobValueCallbackHander
de.betaapps.andlyticsredux.chart.Chart$ChartSet
de.betaapps.andlyticsredux.chart.Chart$DevConValueCallbackHander
de.betaapps.andlyticsredux.chart.Chart$DownloadChartType
de.betaapps.andlyticsredux.chart.Chart$RatingChartType
de.betaapps.andlyticsredux.chart.Chart$ValueCallbackHander
de.betaapps.andlyticsredux.chart.ChartTextSwitcher:
    21:22:public ChartTextSwitcher(android.content.Context)
    32:33:public ChartTextSwitcher(android.content.Context,android.util.AttributeSet)
    79:90:public void setCurrentText(java.lang.CharSequence,android.graphics.drawable.Drawable)
...
de.betaapps.andlytics.exception.MultiAccountAcception:
    private static final long serialVersionUID
de.betaapps.andlytics.exception.NegativeIndexValueExecption:
    private static final long serialVersionUID
de.betaapps.andlytics.exception.NetworkException:
    private static final long serialVersionUID
    13:14:public NetworkException(java.lang.Exception,int)
de.betaapps.andlytics.exception.NoCookieSetException:
    private static final long serialVersionUID
de.betaapps.andlytics.exception.SignupException:
    private static final long serialVersionUID
    8:9:public SignupException(java.lang.String)
de.betaapps.andlytics.gwt.Base64Utils:
    47:91:public static byte[] fromBase64(java.lang.String)
    120:154:public static java.lang.String toBase64(byte[])
de.betaapps.andlytics.gwt.GwtParser:
    73:80:public long getAppInfoSize()
    219:253:public java.util.Map getFeedbackOverview()
    279:279:public java.util.ArrayList getValueList()
    283:283:public static boolean isValidResponse(java.lang.String)
    821:839:protected int getMapLenght(int,java.util.List,java.util.ArrayList)
de.betaapps.andlytics.gwt.GwtParserException:
    private static final long serialVersionUID
de.betaapps.andlytics.io.ExportService:
    public static final int NOTIFICATION_ID_PROGRESS
    public static final int NOTIFICATION_ID_FINISHED
    public static final java.lang.String PACKAGE_NAMES
    public static final java.lang.String ACCOUNT_NAME
de.betaapps.andlytics.io.ImportService:
    public static final int NOTIFICATION_ID_PROGRESS
    public static final int NOTIFICATION_ID_FINISHED
    public static final java.lang.String FILE_NAMES
    public static final java.lang.String ACCOUNT_NAME
de.betaapps.andlytics.io.ServiceExceptoin:
    private static final long serialVersionUID
de.betaapps.andlytics.io.StatsCsvReaderWriter:
    private static final java.lang.String EXPORT_DIR
de.betaapps.andlytics.model.AppInfo:
    private java.lang.Integer numberOfErrors
    90:91:public void setHistory(java.util.List)
    94:94:public java.util.List getHistory()
    98:99:public void addToHistory(de.betaapps.andlytics.model.AppStats)
    219:220:public void setNumberOfErrors(java.lang.Integer)
    223:223:public java.lang.Integer getNumberOfErrors()
de.betaapps.andlytics.model.AppStats:
    177:198:public void addRating(int,int)
de.betaapps.andlytics.model.Comment:
    44:52:public java.util.Date getDateObject()
de.betaapps.andlytics.sync.AutosyncHandler:
    public static final int DEFAULT_PERIOD
    public abstract boolean isAutosyncEnabled(java.lang.String)
de.betaapps.andlytics.sync.AutosyncHandlerFactory:
    5:5:public AutosyncHandlerFactory()
de.betaapps.andlytics.sync.AutosyncHandlerLevel8:
    17:18:public boolean isAutosyncEnabled(java.lang.String)
de.betaapps.andlytics.sync.NotificationHandler:
    static final java.lang.String GROWL_ACTION
    static final java.lang.String EXTRA_TITLE
    static final java.lang.String EXTRA_DESCRIPTION
    19:19:public NotificationHandler()
de.betaapps.andlytics.view.ChartGallery:
    private static final float SWIPE_MIN_DISTANCE
    20:21:public ChartGallery(android.content.Context,android.util.AttributeSet,int)
    24:25:public ChartGallery(android.content.Context,android.util.AttributeSet)
    28:29:public ChartGallery(android.content.Context)
    89:90:public void setInterceptTouchEvents(boolean)
    93:93:public boolean isInterceptTouchEvents()
    97:98:public void setUseMultiImageFling(boolean)
    101:101:public boolean isUseMultiImageFling()
de.betaapps.andlytics.view.ViewSwitcher3D:
    private static final java.lang.String TAG
    41:42:public void setDuration(long)
    72:72:public boolean isBacksideVisible()